#
# There is insufficient memory for the Java Runtime Environment to continue.
# Native memory allocation (malloc) failed to allocate 48736 bytes for Chunk::new
# Possible reasons:
#   The system is out of physical RAM or swap space
#   In 32 bit mode, the process size limit was hit
# Possible solutions:
#   Reduce memory load on the system
#   Increase physical memory or swap space
#   Check if swap backing store is full
#   Use 64 bit Java on a 64 bit OS
#   Decrease Java heap size (-Xmx/-Xms)
#   Decrease number of Java threads
#   Decrease Java thread stack sizes (-Xss)
#   Set larger code cache with -XX:ReservedCodeCacheSize=
# This output file may be truncated or incomplete.
#
#  Out of Memory Error (allocation.cpp:390), pid=16248, tid=0x0000000000008174
#
# JRE version: Java(TM) SE Runtime Environment (8.0_111-b14) (build 1.8.0_111-b14)
# Java VM: Java HotSpot(TM) 64-Bit Server VM (25.111-b14 mixed mode windows-amd64 compressed oops)
# Failed to write core dump. Minidumps are not enabled by default on client versions of Windows
#

---------------  T H R E A D  ---------------

Current thread (0x0000000017bf6000):  JavaThread "C2 CompilerThread1" daemon [_thread_in_native, id=33140, stack(0x000000001a790000,0x000000001a890000)]

Stack: [0x000000001a790000,0x000000001a890000]
[error occurred during error reporting (printing stack bounds), id 0xc0000005]

Native frames: (J=compiled Java code, j=interpreted, Vv=VM code, C=native code)


Current CompileTask:
C2:  36341 1557       4       sun.nio.cs.UTF_8$Encoder::encode (359 bytes)


---------------  P R O C E S S  ---------------

Java Threads: ( => current thread )
  0x000000001ac80800 JavaThread "Java2D Disposer" daemon [_thread_blocked, id=9692, stack(0x000000001ce10000,0x000000001cf10000)]
  0x000000001b4e7000 JavaThread "Okio Watchdog" daemon [_thread_blocked, id=22456, stack(0x000000001c9d0000,0x000000001cad0000)]
  0x000000001b4a8000 JavaThread "OkHttp ConnectionPool" daemon [_thread_blocked, id=9560, stack(0x000000001c8d0000,0x000000001c9d0000)]
  0x000000001b3ef800 JavaThread "Exec Stream Pumper" daemon [_thread_in_native, id=25780, stack(0x000000001c2d0000,0x000000001c3d0000)]
  0x000000001b3ec800 JavaThread "Exec Stream Pumper" daemon [_thread_in_native, id=8936, stack(0x000000001c1d0000,0x000000001c2d0000)]
  0x000000001b3c1000 JavaThread "Exec Default Executor" daemon [_thread_in_native, id=30012, stack(0x000000001c0d0000,0x000000001c1d0000)]
  0x000000001b01f800 JavaThread "ReaderThread" [_thread_in_native, id=22968, stack(0x000000001bbd0000,0x000000001bcd0000)]
  0x000000001a9cb000 JavaThread "Service Thread" daemon [_thread_blocked, id=24668, stack(0x000000001ad90000,0x000000001ae90000)]
  0x0000000017c1e000 JavaThread "C1 CompilerThread2" daemon [_thread_blocked, id=29212, stack(0x000000001a890000,0x000000001a990000)]
=>0x0000000017bf6000 JavaThread "C2 CompilerThread1" daemon [_thread_in_native, id=33140, stack(0x000000001a790000,0x000000001a890000)]
  0x0000000017bef800 JavaThread "C2 CompilerThread0" daemon [_thread_in_native, id=16408, stack(0x000000001a690000,0x000000001a790000)]
  0x0000000017bec000 JavaThread "Attach Listener" daemon [_thread_blocked, id=23176, stack(0x000000001a590000,0x000000001a690000)]
  0x0000000017beb000 JavaThread "Signal Dispatcher" daemon [_thread_blocked, id=26464, stack(0x000000001a490000,0x000000001a590000)]
  0x0000000017bda000 JavaThread "Finalizer" daemon [_thread_blocked, id=24832, stack(0x0000000018e50000,0x0000000018f50000)]
  0x0000000002fa0800 JavaThread "Reference Handler" daemon [_thread_blocked, id=9616, stack(0x0000000018d50000,0x0000000018e50000)]
  0x000000000308d800 JavaThread "main" [_thread_in_native, id=14796, stack(0x0000000002d70000,0x0000000002e70000)]

Other Threads:
  0x0000000017bb7800 VMThread [stack: 0x0000000018c50000,0x0000000018d50000] [id=18324]
  0x000000001a9d7000 WatcherThread [stack: 0x000000001ae90000,0x000000001af90000] [id=27352]

VM state:not at safepoint (normal execution)

VM Mutex/Monitor currently owned by a thread: None

Heap:
 PSYoungGen      total 38400K, used 37789K [0x00000000d5d00000, 0x00000000d8780000, 0x0000000100000000)
  eden space 33280K, 98% used [0x00000000d5d00000,0x00000000d7ce9680,0x00000000d7d80000)
  from space 5120K, 99% used [0x00000000d7d80000,0x00000000d827dec0,0x00000000d8280000)
  to   space 5120K, 0% used [0x00000000d8280000,0x00000000d8280000,0x00000000d8780000)
 ParOldGen       total 87552K, used 2351K [0x0000000081600000, 0x0000000086b80000, 0x00000000d5d00000)
  object space 87552K, 2% used [0x0000000081600000,0x000000008184bc10,0x0000000086b80000)
 Metaspace       used 18831K, capacity 19628K, committed 19840K, reserved 1067008K
  class space    used 2358K, capacity 2588K, committed 2688K, reserved 1048576K

Card table byte_map: [0x0000000012450000,0x0000000012850000] byte_map_base: 0x0000000012045000

Marking Bits: (ParMarkBitMap*) 0x000000006288a6c0
 Begin Bits: [0x0000000012f00000, 0x0000000014ea8000)
 End Bits:   [0x0000000014ea8000, 0x0000000016e50000)

Polling page: 0x0000000001590000

CodeCache: size=245760Kb used=5141Kb max_used=5141Kb free=240618Kb
 bounds [0x0000000003090000, 0x00000000035a0000, 0x0000000012090000]
 total_blobs=2104 nmethods=1575 adapters=441
 compilation: enabled

Compilation events (10 events):
Event: 36.283 Thread 0x0000000017c1e000 1567  s    1       java.lang.StringBuffer::length (5 bytes)
Event: 36.283 Thread 0x0000000017c1e000 nmethod 1567 0x0000000003589b90 code [0x0000000003589ce0, 0x0000000003589f50]
Event: 36.283 Thread 0x0000000017c1e000 1568       3       java.util.concurrent.ConcurrentHashMap::put (8 bytes)
Event: 36.284 Thread 0x0000000017c1e000 nmethod 1568 0x0000000003589790 code [0x0000000003589900, 0x0000000003589b08]
Event: 36.284 Thread 0x0000000017c1e000 1569       1       java.lang.AbstractStringBuilder::length (5 bytes)
Event: 36.284 Thread 0x0000000017c1e000 nmethod 1569 0x00000000035894d0 code [0x0000000003589620, 0x0000000003589730]
Event: 36.284 Thread 0x0000000017c1e000 1570       3       java.io.PrintWriter::ensureOpen (18 bytes)
Event: 36.284 Thread 0x0000000017c1e000 nmethod 1570 0x000000000358b2d0 code [0x000000000358b440, 0x000000000358b688]
Event: 36.289 Thread 0x0000000017c1e000 1571       3       sun.nio.cs.SingleByte$Encoder::encodeArrayLoop (236 bytes)
Event: 36.295 Thread 0x0000000017c1e000 nmethod 1571 0x000000000358db10 code [0x000000000358dfa0, 0x0000000003590b08]

GC Heap History (2 events):
Event: 4.284 GC heap before
{Heap before GC invocations=1 (full 0):
 PSYoungGen      total 38400K, used 33280K [0x00000000d5d00000, 0x00000000d8780000, 0x0000000100000000)
  eden space 33280K, 100% used [0x00000000d5d00000,0x00000000d7d80000,0x00000000d7d80000)
  from space 5120K, 0% used [0x00000000d8280000,0x00000000d8280000,0x00000000d8780000)
  to   space 5120K, 0% used [0x00000000d7d80000,0x00000000d7d80000,0x00000000d8280000)
 ParOldGen       total 87552K, used 0K [0x0000000081600000, 0x0000000086b80000, 0x00000000d5d00000)
  object space 87552K, 0% used [0x0000000081600000,0x0000000081600000,0x0000000086b80000)
 Metaspace       used 13521K, capacity 13876K, committed 14208K, reserved 1060864K
  class space    used 1660K, capacity 1828K, committed 1920K, reserved 1048576K
Event: 4.296 GC heap after
Heap after GC invocations=1 (full 0):
 PSYoungGen      total 38400K, used 5111K [0x00000000d5d00000, 0x00000000d8780000, 0x0000000100000000)
  eden space 33280K, 0% used [0x00000000d5d00000,0x00000000d5d00000,0x00000000d7d80000)
  from space 5120K, 99% used [0x00000000d7d80000,0x00000000d827dec0,0x00000000d8280000)
  to   space 5120K, 0% used [0x00000000d8280000,0x00000000d8280000,0x00000000d8780000)
 ParOldGen       total 87552K, used 2351K [0x0000000081600000, 0x0000000086b80000, 0x00000000d5d00000)
  object space 87552K, 2% used [0x0000000081600000,0x000000008184bc10,0x0000000086b80000)
 Metaspace       used 13521K, capacity 13876K, committed 14208K, reserved 1060864K
  class space    used 1660K, capacity 1828K, committed 1920K, reserved 1048576K
}

Deoptimization events (10 events):
Event: 3.788 Thread 0x000000000308d800 Uncommon trap: reason=unstable_if action=reinterpret pc=0x00000000032d52fc method=sun.misc.MetaIndex.mayContain(Ljava/lang/String;)Z @ 38
Event: 4.207 Thread 0x000000000308d800 Uncommon trap: reason=unstable_if action=reinterpret pc=0x000000000322bfe8 method=java.lang.String.replace(CC)Ljava/lang/String; @ 2
Event: 4.209 Thread 0x000000000308d800 Uncommon trap: reason=unstable_if action=reinterpret pc=0x00000000033cc01c method=java.lang.CharacterDataLatin1.digit(II)I @ 82
Event: 5.240 Thread 0x000000000308d800 Uncommon trap: reason=unstable_if action=reinterpret pc=0x00000000033d471c method=java.util.regex.Pattern$BmpCharProperty.match(Ljava/util/regex/Matcher;ILjava/lang/CharSequence;)Z @ 34
Event: 5.349 Thread 0x000000000308d800 Uncommon trap: reason=unstable_if action=reinterpret pc=0x00000000033c6214 method=java.lang.CharacterDataLatin1.digit(II)I @ 82
Event: 28.471 Thread 0x000000000308d800 Uncommon trap: reason=class_check action=maybe_recompile pc=0x00000000034f1384 method=org.openqa.selenium.json.Input.init()V @ 18
Event: 28.471 Thread 0x000000000308d800 Uncommon trap: reason=class_check action=maybe_recompile pc=0x00000000034f1384 method=org.openqa.selenium.json.Input.init()V @ 18
Event: 28.471 Thread 0x000000000308d800 Uncommon trap: reason=class_check action=maybe_recompile pc=0x00000000034f1384 method=org.openqa.selenium.json.Input.init()V @ 18
Event: 28.471 Thread 0x000000000308d800 Uncommon trap: reason=class_check action=maybe_recompile pc=0x00000000034f1384 method=org.openqa.selenium.json.Input.init()V @ 18
Event: 33.048 Thread 0x000000000308d800 Uncommon trap: reason=unstable_if action=reinterpret pc=0x000000000321181c method=sun.nio.cs.UTF_8$Encoder.encode([CII[B)I @ 33

Internal exceptions (10 events):
Event: 33.011 Thread 0x000000000308d800 Exception <a 'java/lang/NoSuchMethodError': java.lang.Object.lambda$codePoints$1()Ljava/util/Spliterator$OfInt;> (0x00000000d6af6a50) thrown at [C:\re\workspace\8-2-build-windows-amd64-cygwin\jdk8u111\7883\hotspot\src\share\vm\interpreter\linkResolver.cpp
Event: 33.069 Thread 0x000000000308d800 Exception <a 'java/net/SocketTimeoutException': Read timed out> (0x00000000d6b149e0) thrown at [C:\re\workspace\8-2-build-windows-amd64-cygwin\jdk8u111\7883\hotspot\src\share\vm\prims\jni.cpp, line 735]
Event: 35.179 Thread 0x000000000308d800 Exception <a 'java/net/SocketTimeoutException': Read timed out> (0x00000000d6c78370) thrown at [C:\re\workspace\8-2-build-windows-amd64-cygwin\jdk8u111\7883\hotspot\src\share\vm\prims\jni.cpp, line 735]
Event: 35.199 Thread 0x000000000308d800 Exception <a 'java/net/SocketTimeoutException': Read timed out> (0x00000000d6c99680) thrown at [C:\re\workspace\8-2-build-windows-amd64-cygwin\jdk8u111\7883\hotspot\src\share\vm\prims\jni.cpp, line 735]
Event: 35.219 Thread 0x000000000308d800 Exception <a 'java/net/SocketTimeoutException': Read timed out> (0x00000000d6cbaa50) thrown at [C:\re\workspace\8-2-build-windows-amd64-cygwin\jdk8u111\7883\hotspot\src\share\vm\prims\jni.cpp, line 735]
Event: 35.271 Thread 0x000000000308d800 Exception <a 'java/io/FileNotFoundException'> (0x00000000d6cc3b18) thrown at [C:\re\workspace\8-2-build-windows-amd64-cygwin\jdk8u111\7883\hotspot\src\share\vm\prims\jni.cpp, line 709]
Event: 35.448 Thread 0x000000000308d800 Exception <a 'java/io/FileNotFoundException'> (0x00000000d6cf41f0) thrown at [C:\re\workspace\8-2-build-windows-amd64-cygwin\jdk8u111\7883\hotspot\src\share\vm\prims\jni.cpp, line 709]
Event: 35.619 Thread 0x000000000308d800 Exception <a 'java/net/SocketTimeoutException': Read timed out> (0x00000000d7a87738) thrown at [C:\re\workspace\8-2-build-windows-amd64-cygwin\jdk8u111\7883\hotspot\src\share\vm\prims\jni.cpp, line 735]
Event: 36.196 Thread 0x000000000308d800 Exception <a 'java/lang/NoSuchMethodError': java.lang.Object.lambda$comparing$77a9974f$1(Ljava/util/function/Function;Ljava/lang/Object;Ljava/lang/Object;)I> (0x00000000d7b06a80) thrown at [C:\re\workspace\8-2-build-windows-amd64-cygwin\jdk8u111\7883\hots
Event: 36.274 Thread 0x000000000308d800 Exception <a 'java/lang/NoSuchMethodError': java.lang.Object.lambda$thenComparing$36697e65$1(Ljava/util/Comparator;Ljava/lang/Object;Ljava/lang/Object;)I> (0x00000000d7bf2200) thrown at [C:\re\workspace\8-2-build-windows-amd64-cygwin\jdk8u111\7883\hotspot

Events (10 events):
Event: 36.285 loading class sun/nio/ch/Util$2
Event: 36.285 loading class sun/nio/ch/Util$2 done
Event: 36.285 loading class sun/nio/ch/Util$1
Event: 36.285 loading class sun/nio/ch/Util$1 done
Event: 36.285 loading class sun/nio/ch/Util$BufferCache
Event: 36.285 loading class sun/nio/ch/Util$BufferCache done
Event: 36.285 loading class java/nio/DirectByteBuffer$Deallocator
Event: 36.285 loading class java/nio/DirectByteBuffer$Deallocator done
Event: 36.285 loading class sun/nio/ch/IOStatus
Event: 36.285 loading class sun/nio/ch/IOStatus done


Dynamic libraries:
0x00007ff7edba0000 - 0x00007ff7edbd7000 	C:\Program Files\Java\jre1.8.0_111\bin\javaw.exe
0x00007ffd2b360000 - 0x00007ffd2b541000 	C:\WINDOWS\SYSTEM32\ntdll.dll
0x00007ffd289f0000 - 0x00007ffd28aa1000 	C:\WINDOWS\System32\KERNEL32.DLL
0x00007ffd281e0000 - 0x00007ffd28453000 	C:\WINDOWS\System32\KERNELBASE.dll
0x00007ffd28b10000 - 0x00007ffd28bb1000 	C:\WINDOWS\System32\ADVAPI32.dll
0x00007ffd29c80000 - 0x00007ffd29d1e000 	C:\WINDOWS\System32\msvcrt.dll
0x00007ffd28c50000 - 0x00007ffd28cab000 	C:\WINDOWS\System32\sechost.dll
0x00007ffd28cb0000 - 0x00007ffd28dd4000 	C:\WINDOWS\System32\RPCRT4.dll
0x00007ffd295a0000 - 0x00007ffd29731000 	C:\WINDOWS\System32\USER32.dll
0x00007ffd28710000 - 0x00007ffd28730000 	C:\WINDOWS\System32\win32u.dll
0x00007ffd28ae0000 - 0x00007ffd28b08000 	C:\WINDOWS\System32\GDI32.dll
0x00007ffd28570000 - 0x00007ffd28701000 	C:\WINDOWS\System32\gdi32full.dll
0x00007ffd28730000 - 0x00007ffd287cf000 	C:\WINDOWS\System32\msvcp_win.dll
0x00007ffd28060000 - 0x00007ffd28158000 	C:\WINDOWS\System32\ucrtbase.dll
0x00007ffd15120000 - 0x00007ffd15389000 	C:\WINDOWS\WinSxS\amd64_microsoft.windows.common-controls_6595b64144ccf1df_6.0.17134.1130_none_d3ff42617c90becf\COMCTL32.dll
0x00007ffd29740000 - 0x00007ffd29a61000 	C:\WINDOWS\System32\combase.dll
0x00007ffd28160000 - 0x00007ffd281d9000 	C:\WINDOWS\System32\bcryptPrimitives.dll
0x00007ffd28ab0000 - 0x00007ffd28add000 	C:\WINDOWS\System32\IMM32.DLL
0x00007ffd12630000 - 0x00007ffd126e0000 	C:\Program Files\McAfee\Endpoint Security\Threat Prevention\Ips\EpMPApi.dll
0x00007ffd28460000 - 0x00007ffd284b7000 	C:\WINDOWS\System32\WINTRUST.dll
0x00007ffd276b0000 - 0x00007ffd276c2000 	C:\WINDOWS\System32\MSASN1.dll
0x00007ffd27e20000 - 0x00007ffd28002000 	C:\WINDOWS\System32\CRYPT32.dll
0x0000000063f60000 - 0x0000000063f6c000 	C:\Program Files\McAfee\Endpoint Security\Threat Prevention\Ips\EpMPThe.dll
0x0000000063090000 - 0x0000000063162000 	C:\Program Files\Java\jre1.8.0_111\bin\msvcr100.dll
0x0000000062070000 - 0x000000006290a000 	C:\Program Files\Java\jre1.8.0_111\bin\server\jvm.dll
0x00007ffd28c40000 - 0x00007ffd28c48000 	C:\WINDOWS\System32\PSAPI.DLL
0x00007ffd1d940000 - 0x00007ffd1d94a000 	C:\WINDOWS\SYSTEM32\VERSION.dll
0x00007ffd200b0000 - 0x00007ffd200d3000 	C:\WINDOWS\SYSTEM32\WINMM.dll
0x00007ffd1bd80000 - 0x00007ffd1bd89000 	C:\WINDOWS\SYSTEM32\WSOCK32.dll
0x00007ffd29a70000 - 0x00007ffd29adc000 	C:\WINDOWS\System32\WS2_32.dll
0x00007ffd20080000 - 0x00007ffd200aa000 	C:\WINDOWS\SYSTEM32\WINMMBASE.dll
0x00007ffd28010000 - 0x00007ffd28059000 	C:\WINDOWS\System32\cfgmgr32.dll
0x0000000063f50000 - 0x0000000063f5f000 	C:\Program Files\Java\jre1.8.0_111\bin\verify.dll
0x0000000063f20000 - 0x0000000063f49000 	C:\Program Files\Java\jre1.8.0_111\bin\java.dll
0x0000000063f00000 - 0x0000000063f16000 	C:\Program Files\Java\jre1.8.0_111\bin\zip.dll
0x0000000019040000 - 0x000000001a485000 	C:\WINDOWS\System32\SHELL32.dll
0x00007ffd28f60000 - 0x00007ffd29009000 	C:\WINDOWS\System32\shcore.dll
0x00007ffd27710000 - 0x00007ffd27e20000 	C:\WINDOWS\System32\windows.storage.dll
0x00007ffd2b2d0000 - 0x00007ffd2b321000 	C:\WINDOWS\System32\shlwapi.dll
0x00007ffd276d0000 - 0x00007ffd276e1000 	C:\WINDOWS\System32\kernel.appcore.dll
0x00007ffd276f0000 - 0x00007ffd2770f000 	C:\WINDOWS\System32\profapi.dll
0x00007ffd27660000 - 0x00007ffd276ac000 	C:\WINDOWS\System32\powrprof.dll
0x00007ffd27650000 - 0x00007ffd2765a000 	C:\WINDOWS\System32\FLTLIB.DLL
0x0000000063ee0000 - 0x0000000063efa000 	C:\Program Files\Java\jre1.8.0_111\bin\net.dll
0x00007ffd26ed0000 - 0x00007ffd26f36000 	C:\WINDOWS\system32\mswsock.dll
0x00007ffd26c70000 - 0x00007ffd26d2e000 	C:\WINDOWS\SYSTEM32\DNSAPI.dll
0x00007ffd29120000 - 0x00007ffd29128000 	C:\WINDOWS\System32\NSI.dll
0x00007ffd26c20000 - 0x00007ffd26c58000 	C:\WINDOWS\SYSTEM32\IPHLPAPI.DLL
0x00007ffd20df0000 - 0x00007ffd20dfa000 	C:\Windows\System32\rasadhlp.dll
0x00007ffd23250000 - 0x00007ffd232c2000 	C:\WINDOWS\System32\fwpuclnt.dll
0x00007ffd271b0000 - 0x00007ffd271d5000 	C:\WINDOWS\SYSTEM32\bcrypt.dll
0x00007ffd27090000 - 0x00007ffd270a7000 	C:\WINDOWS\SYSTEM32\CRYPTSP.dll
0x00007ffd26a80000 - 0x00007ffd26ab3000 	C:\WINDOWS\system32\rsaenh.dll
0x00007ffd27550000 - 0x00007ffd27578000 	C:\WINDOWS\SYSTEM32\USERENV.dll
0x00007ffd27080000 - 0x00007ffd2708b000 	C:\WINDOWS\SYSTEM32\CRYPTBASE.dll
0x00007ffd22e10000 - 0x00007ffd22e26000 	C:\WINDOWS\SYSTEM32\dhcpcsvc6.DLL
0x00007ffd22d50000 - 0x00007ffd22d6a000 	C:\WINDOWS\SYSTEM32\dhcpcsvc.DLL
0x0000000063ec0000 - 0x0000000063ed1000 	C:\Program Files\Java\jre1.8.0_111\bin\nio.dll
0x0000000063e90000 - 0x0000000063eb4000 	C:\Program Files\Java\jre1.8.0_111\bin\sunec.dll
0x0000000063e80000 - 0x0000000063e8b000 	C:\Program Files\Java\jre1.8.0_111\bin\sunmscapi.dll
0x0000000061ed0000 - 0x0000000062068000 	C:\Program Files\Java\jre1.8.0_111\bin\awt.dll
0x00007ffd28920000 - 0x00007ffd289e2000 	C:\WINDOWS\System32\OLEAUT32.dll
0x00007ffd24d60000 - 0x00007ffd24deb000 	C:\WINDOWS\SYSTEM32\apphelp.dll
0x00007ffd26010000 - 0x00007ffd26039000 	C:\WINDOWS\system32\DWMAPI.DLL
0x00007ffd25b50000 - 0x00007ffd25be8000 	C:\WINDOWS\system32\uxtheme.dll
0x00007ffd19c00000 - 0x00007ffd19c16000 	C:\WINDOWS\system32\napinsp.dll
0x00007ffd19c80000 - 0x00007ffd19c9a000 	C:\WINDOWS\system32\pnrpnsp.dll
0x00007ffd22a30000 - 0x00007ffd22a49000 	C:\WINDOWS\system32\NLAapi.dll
0x00007ffd19d90000 - 0x00007ffd19d9e000 	C:\WINDOWS\System32\winrnr.dll
0x00007ffd19d70000 - 0x00007ffd19d85000 	C:\WINDOWS\System32\wshbth.dll

VM Arguments:
jvm_args: -ea -Dfile.encoding=Cp1252 
java_command: org.testng.remote.RemoteTestNG -serport 52248 -protocol json -d C:\Users\sathyamoorthy.p\Eclipse Helios\SAIFramework\test-output C:\Users\sathyamoorthy.p\Eclipse Helios\SAIFramework\testng.xml
java_class_path (initial): C:\Users\sathyamoorthy.p\eclipse\jee-2019-122\eclipse\configuration\org.eclipse.osgi\965\0\.cp\lib\testng-remote.jar;C:\Users\sathyamoorthy.p\Eclipse Helios\SAIFramework\bin;C:\Users\sathyamoorthy.p\Desktop\seleniumfiles\byte-buddy-1.8.15.jar;C:\Users\sathyamoorthy.p\Desktop\seleniumfiles\commons-exec-1.3.jar;C:\Users\sathyamoorthy.p\Desktop\seleniumfiles\guava-25.0-jre.jar;C:\Users\sathyamoorthy.p\Desktop\seleniumfiles\okhttp-3.11.0.jar;C:\Users\sathyamoorthy.p\Desktop\seleniumfiles\okio-1.14.0.jar;C:\Users\sathyamoorthy.p\Desktop\seleniumfiles\client-combined-3.141.59.jar;C:\Users\sathyamoorthy.p\Desktop\seleniumfiles\client-combined-3.141.59-sources.jar;C:\Users\sathyamoorthy.p\.p2\pool\plugins\org.testng_7.0.0.r201908191551.jar;C:\Users\sathyamoorthy.p\.p2\pool\plugins\com.beust.jcommander_1.72.0.jar;C:\Users\sathyamoorthy.p\.p2\pool\plugins\org.apache-extras.beanshell.bsh_2.0.0.b6.jar;C:\Users\sathyamoorthy.p\.p2\pool\plugins\org.yaml.snakeyaml_1.21.0.jar;C:\Users\sathyamoorthy.p\Desktop\Drivers\New folder\commons-io-2.5.jar;C:\Users\sathyamoorthy.p\Desktop\Drivers\ashot-1.5.4.jar
Launcher Type: SUN_STANDARD

Environment Variables:
PATH=C:/Program Files/Java/jre1.8.0_111/bin/server;C:/Program Files/Java/jre1.8.0_111/bin;C:/Program Files/Java/jre1.8.0_111/lib/amd64;C:\ProgramData\Oracle\Java\javapath;C:\WINDOWS\system32;C:\WINDOWS;C:\WINDOWS\System32\Wbem;C:\WINDOWS\System32\WindowsPowerShell\v1.0\;C:\WINDOWS\System32\OpenSSH\;C:\Users\sathyamoorthy.p\AppData\Local\Microsoft\WindowsApps;;C:\Users\sathyamoorthy.p\Desktop;
USERNAME=sathyamoorthy.p
OS=Windows_NT
PROCESSOR_IDENTIFIER=Intel64 Family 6 Model 69 Stepping 1, GenuineIntel



---------------  S Y S T E M  ---------------

OS: Windows 10.0 , 64 bit Build 17134 (10.0.17134.753)

CPU:total 4 (2 cores per cpu, 2 threads per core) family 6 model 69 stepping 1, cmov, cx8, fxsr, mmx, sse, sse2, sse3, ssse3, sse4.1, sse4.2, popcnt, avx, avx2, aes, clmul, erms, lzcnt, ht, tsc, tscinvbit, bmi1, bmi2

Memory: 4k page, physical 8291792k(711840k free), swap 21328716k(676k free)

vm_info: Java HotSpot(TM) 64-Bit Server VM (25.111-b14) for windows-amd64 JRE (1.8.0_111-b14), built on Sep 22 2016 19:24:05 by "java_re" with MS VC++ 10.0 (VS2010)

time: Fri Dec 27 11:44:57 2019
elapsed time: 36 seconds (0d 0h 0m 36s)

